0 info it worked if it ends with ok
1 verbose cli [ 'node', '/usr/local/bin/npm', 'install', 'fs', '--save' ]
2 info using npm@1.5.0-alpha-2
3 info using node@v0.10.29
4 verbose node symlink /usr/local/bin/node
5 warn package.json superset@0.0.1 No repository field.
6 warn package.json passport-local@0.1.6 No README data
7 verbose readDependencies using package.json deps
8 verbose cache add [ 'fs', null ]
9 verbose cache add spec="fs" args=["fs",null]
10 verbose parsed spec { raw: 'fs',
10 verbose parsed spec   scope: null,
10 verbose parsed spec   name: 'fs',
10 verbose parsed spec   rawSpec: '',
10 verbose parsed spec   spec: '*',
10 verbose parsed spec   type: 'range' }
11 verbose addNamed [ 'fs', '*' ]
12 verbose addNamed [ null, '*' ]
13 silly lockFile d8bf140d-fs fs@*
14 verbose lock fs@* /Users/nevilgeorge/.npm/d8bf140d-fs.lock
15 silly addNameRange { name: 'fs', range: '*', hasData: false }
16 verbose mapToRegistry name fs
17 verbose mapToRegistry uri https://registry.npmjs.org/fs
18 verbose request where is /fs
19 verbose request registry https://registry.npmjs.org/
20 verbose request id d7f6f46b21be4b51
21 verbose request url raw /fs
22 verbose request url resolving [ 'https://registry.npmjs.org/', './fs' ]
23 verbose request url resolved https://registry.npmjs.org/fs
24 verbose request where is https://registry.npmjs.org/fs
25 verbose request no basic auth needed
26 info trying registry request attempt 1 at 21:23:17
27 http GET https://registry.npmjs.org/fs
28 http 404 https://registry.npmjs.org/fs
29 silly registry.get cb [ 404,
29 silly registry.get   { date: 'Wed, 20 Aug 2014 04:23:17 GMT',
29 silly registry.get     server: 'CouchDB/1.5.0 (Erlang OTP/R16B03)',
29 silly registry.get     etag: '"5BQZWWEVHQEXWCPP0V3B1TODR"',
29 silly registry.get     'content-type': 'application/json',
29 silly registry.get     'cache-control': 'max-age=0',
29 silly registry.get     'content-length': '397',
29 silly registry.get     'accept-ranges': 'bytes',
29 silly registry.get     via: '1.1 varnish',
29 silly registry.get     age: '0',
29 silly registry.get     'x-served-by': 'cache-lax1435-LAX',
29 silly registry.get     'x-cache': 'MISS',
29 silly registry.get     'x-cache-hits': '0',
29 silly registry.get     'x-timer': 'S1408508597.797817,VS0,VE42',
29 silly registry.get     vary: 'Accept',
29 silly registry.get     'keep-alive': 'timeout=10, max=50',
29 silly registry.get     connection: 'Keep-Alive' } ]
30 silly lockFile d8bf140d-fs fs@*
31 silly lockFile d8bf140d-fs fs@*
32 error 404 Not Found
32 error 404
32 error 404 'fs' is not in the npm registry.
32 error 404 You should bug the author to publish it
32 error 404 It was specified as a dependency of 'superset'
32 error 404
32 error 404 Note that you can also install from a
32 error 404 tarball, folder, or http url, or git url.
33 error System Darwin 13.3.0
34 error command "node" "/usr/local/bin/npm" "install" "fs" "--save"
35 error cwd /Users/nevilgeorge/Documents/nodeJS_projects/superset
36 error node -v v0.10.29
37 error npm -v 1.5.0-alpha-2
38 error code E404
39 verbose exit [ 1, true ]
